<?xml version="1.0" ?>
<coverage branch-rate="0" line-rate="0.5" timestamp="1446545132707" version="4.0.1">
    <!-- Generated by coverage.py: https://coverage.readthedocs.org -->
    <!-- Based on https://raw.githubusercontent.com/cobertura/web/f0366e5e2cf18f111cbd61fc34ef720a6584ba02/htdocs/xml/coverage-03.dtd -->
    <sources>
        <source>/Users/rafaelcortes/Documents/qamine/python-codacycov</source>
    </sources>
    <packages>
        <package branch-rate="0" complexity="0" line-rate="0.5" name="src.codacy">
            <classes>
                <class branch-rate="0" complexity="0" filename="src/codacy/__init__.py" line-rate="0.6667" name="__init__.py">
                    <methods/>
                    <lines>
                        <line hits="1" number="1"/>
                        <line hits="1" number="4"/>
                        <line hits="0" number="5"/>
                    </lines>
                </class>
                <class branch-rate="0" complexity="0" filename="src/codacy/reporter.py" line-rate="0.4915" name="reporter.py">
                    <methods/>
                    <lines>
                        <line hits="1" number="3"/>
                        <line hits="1" number="4"/>
                        <line hits="1" number="5"/>
                        <line hits="1" number="6"/>
                        <line hits="1" number="7"/>
                        <line hits="1" number="9"/>
                        <line hits="1" number="11"/>
                        <line hits="1" number="14"/>
                        <line hits="1" number="15"/>
                        <line hits="1" number="16"/>
                        <line hits="1" number="17"/>
                        <line hits="1" number="20"/>
                        <line hits="0" number="21"/>
                        <line hits="0" number="23"/>
                        <line hits="1" number="26"/>
                        <line hits="1" number="30"/>
                        <line hits="1" number="31"/>
                        <line hits="1" number="34"/>
                        <line hits="1" number="36"/>
                        <line hits="1" number="42"/>
                        <line hits="1" number="43"/>
                        <line hits="1" number="44"/>
                        <line hits="1" number="49"/>
                        <line hits="1" number="50"/>
                        <line hits="1" number="51"/>
                        <line hits="1" number="52"/>
                        <line hits="1" number="54"/>
                        <line hits="1" number="55"/>
                        <line hits="1" number="57"/>
                        <line hits="1" number="60"/>
                        <line hits="0" number="62"/>
                        <line hits="0" number="63"/>
                        <line hits="0" number="64"/>
                        <line hits="0" number="69"/>
                        <line hits="0" number="71"/>
                        <line hits="0" number="73"/>
                        <line hits="0" number="74"/>
                        <line hits="0" number="76"/>
                        <line hits="0" number="77"/>
                        <line hits="1" number="80"/>
                        <line hits="0" number="81"/>
                        <line hits="0" number="82"/>
                        <line hits="0" number="83"/>
                        <line hits="0" number="84"/>
                        <line hits="0" number="86"/>
                        <line hits="0" number="88"/>
                        <line hits="0" number="89"/>
                        <line hits="0" number="91"/>
                        <line hits="0" number="92"/>
                        <line hits="0" number="93"/>
                        <line hits="0" number="95"/>
                        <line hits="0" number="96"/>
                        <line hits="0" number="98"/>
                        <line hits="0" number="99"/>
                        <line hits="0" number="100"/>
                        <line hits="0" number="102"/>
                        <line hits="0" number="103"/>
                        <line hits="0" number="105"/>
                        <line hits="0" number="106"/>
                    </lines>
                </class>
            </classes>
        </package>
    </packages>
</coverage>
